<?xml version="1.0" encoding="UTF-8"?>
<testng-results ignored="0" total="3" passed="3" failed="0" skipped="0">
  <reporter-output>
  </reporter-output>
  <suite started-at="2023-03-07T17:20:12 EST" name="Main Test Suite" finished-at="2023-03-07T17:20:20 EST" duration-ms="8006">
    <groups>
    </groups>
    <test started-at="2023-03-07T17:20:12 EST" name="Grid chrome Test" finished-at="2023-03-07T17:20:19 EST" duration-ms="7271">
      <class name="webdriver.advance.grid.ParallelTestB">
        <test-method is-config="true" signature="setUp(java.lang.String)[pri:0, instance:webdriver.advance.grid.ParallelTestB@4c583ecf]" started-at="2023-03-07T17:20:12 EST" name="setUp" finished-at="2023-03-07T17:20:15 EST" duration-ms="3403" status="PASS">
          <params>
            <param index="0">
              <value>
                <![CDATA[chrome]]>
              </value>
            </param>
          </params>
          <reporter-output>
          </reporter-output>
        </test-method> <!-- setUp -->
        <test-method signature="testGooglePageTitleInChrome()[pri:0, instance:webdriver.advance.grid.ParallelTestB@4c583ecf]" started-at="2023-03-07T17:20:15 EST" name="testGooglePageTitleInChrome" finished-at="2023-03-07T17:20:16 EST" duration-ms="939" status="PASS">
          <reporter-output>
          </reporter-output>
        </test-method> <!-- testGooglePageTitleInChrome -->
        <test-method signature="testSearchGoogle()[pri:0, instance:webdriver.advance.grid.ParallelTestB@4c583ecf]" started-at="2023-03-07T17:20:16 EST" name="testSearchGoogle" finished-at="2023-03-07T17:20:19 EST" duration-ms="2482" status="PASS">
          <reporter-output>
          </reporter-output>
        </test-method> <!-- testSearchGoogle -->
        <test-method is-config="true" signature="tearDown()[pri:0, instance:webdriver.advance.grid.ParallelTestB@4c583ecf]" started-at="2023-03-07T17:20:19 EST" name="tearDown" finished-at="2023-03-07T17:20:19 EST" duration-ms="423" status="PASS">
          <reporter-output>
          </reporter-output>
        </test-method> <!-- tearDown -->
      </class> <!-- webdriver.advance.grid.ParallelTestB -->
    </test> <!-- Grid chrome Test -->
    <test started-at="2023-03-07T17:20:12 EST" name="Grid firefox Test" finished-at="2023-03-07T17:20:20 EST" duration-ms="8006">
      <class name="webdriver.advance.grid.ParallelTestA">
        <test-method is-config="true" signature="setUp(java.lang.String)[pri:0, instance:webdriver.advance.grid.ParallelTestA@10e31a9a]" started-at="2023-03-07T17:20:12 EST" name="setUp" finished-at="2023-03-07T17:20:16 EST" duration-ms="3901" status="PASS">
          <params>
            <param index="0">
              <value>
                <![CDATA[firefox]]>
              </value>
            </param>
          </params>
          <reporter-output>
          </reporter-output>
        </test-method> <!-- setUp -->
        <test-method signature="testGooglePageTitleInFirefox()[pri:0, instance:webdriver.advance.grid.ParallelTestA@10e31a9a]" started-at="2023-03-07T17:20:16 EST" name="testGooglePageTitleInFirefox" finished-at="2023-03-07T17:20:17 EST" duration-ms="1432" status="PASS">
          <reporter-output>
          </reporter-output>
        </test-method> <!-- testGooglePageTitleInFirefox -->
        <test-method is-config="true" signature="tearDown()[pri:0, instance:webdriver.advance.grid.ParallelTestA@10e31a9a]" started-at="2023-03-07T17:20:17 EST" name="tearDown" finished-at="2023-03-07T17:20:20 EST" duration-ms="2659" status="PASS">
          <reporter-output>
          </reporter-output>
        </test-method> <!-- tearDown -->
      </class> <!-- webdriver.advance.grid.ParallelTestA -->
    </test> <!-- Grid firefox Test -->
  </suite> <!-- Main Test Suite -->
</testng-results>
