<?xml version="1.0" encoding="UTF-8"?>
<testng-results ignored="0" total="1" passed="1" failed="0" skipped="0">
  <reporter-output>
  </reporter-output>
  <suite started-at="2023-03-15T10:47:40 EDT" name="ListenerExecution" finished-at="2023-03-15T10:47:48 EDT" duration-ms="7719">
    <groups>
    </groups>
    <test started-at="2023-03-15T10:47:40 EDT" name="ExecutingListeners" finished-at="2023-03-15T10:47:48 EDT" duration-ms="7719">
      <class name="webdriver.advance.screenshots.SSListener">
        <test-method signature="OpenBrowser()[pri:0, instance:webdriver.advance.screenshots.SSListener@294425a7]" started-at="2023-03-15T10:47:40 EDT" name="OpenBrowser" finished-at="2023-03-15T10:47:48 EDT" duration-ms="7689" status="PASS">
          <reporter-output>
          </reporter-output>
        </test-method> <!-- OpenBrowser -->
      </class> <!-- webdriver.advance.screenshots.SSListener -->
    </test> <!-- ExecutingListeners -->
  </suite> <!-- ListenerExecution -->
</testng-results>
