<?xml version="1.0" encoding="UTF-8"?>
<testng-results ignored="0" total="1" passed="1" failed="0" skipped="0">
  <reporter-output>
  </reporter-output>
  <suite started-at="2023-04-07T14:03:48 EDT" name="Suite" finished-at="2023-04-07T14:03:48 EDT" duration-ms="270">
    <groups>
    </groups>
    <test started-at="2023-04-07T14:03:48 EDT" name="Test" finished-at="2023-04-07T14:03:48 EDT" duration-ms="270">
      <class name="basicTests.BasicTest">
        <test-method signature="verifysum()[pri:0, instance:basicTests.BasicTest@3f197a46]" started-at="2023-04-07T14:03:48 EDT" name="verifysum" finished-at="2023-04-07T14:03:48 EDT" duration-ms="245" status="PASS">
          <reporter-output>
          </reporter-output>
        </test-method> <!-- verifysum -->
      </class> <!-- basicTests.BasicTest -->
    </test> <!-- Test -->
  </suite> <!-- Suite -->
</testng-results>
