<?xml version="1.0" encoding="UTF-8"?>
<testng-results retried="1" ignored="0" total="9" passed="7" failed="1" skipped="0">
  <reporter-output>
  </reporter-output>
  <suite started-at="2023-03-19T16:33:39 EDT" name="Listener with ExtentReports Test" finished-at="2023-03-19T16:34:14 EDT" duration-ms="35211">
    <groups>
    </groups>
    <test started-at="2023-03-19T16:33:39 EDT" name="ExecutingListeners" finished-at="2023-03-19T16:34:14 EDT" duration-ms="35211">
      <class name="Integrated.SSListenerParallelTSafe">
        <test-method is-config="true" signature="beforeTest(java.lang.String)[pri:0, instance:Integrated.SSListenerParallelTSafe@6b695b06]" started-at="2023-03-19T16:33:39 EDT" name="beforeTest" finished-at="2023-03-19T16:33:41 EDT" duration-ms="2346" status="PASS">
          <params>
            <param index="0">
              <value>
                <![CDATA[chrome]]>
              </value>
            </param>
          </params>
          <reporter-output>
          </reporter-output>
        </test-method> <!-- beforeTest -->
        <test-method is-config="true" signature="beforeTest(java.lang.String)[pri:0, instance:Integrated.SSListenerParallelTSafe@6b695b06]" started-at="2023-03-19T16:33:40 EDT" name="beforeTest" finished-at="2023-03-19T16:33:41 EDT" duration-ms="1494" status="PASS">
          <params>
            <param index="0">
              <value>
                <![CDATA[chrome]]>
              </value>
            </param>
          </params>
          <reporter-output>
          </reporter-output>
        </test-method> <!-- beforeTest -->
        <test-method signature="OpenBrowser()[pri:1, instance:Integrated.SSListenerParallelTSafe@6b695b06]" started-at="2023-03-19T16:33:41 EDT" name="OpenBrowser" finished-at="2023-03-19T16:33:43 EDT" duration-ms="1851" status="PASS">
          <reporter-output>
          </reporter-output>
        </test-method> <!-- OpenBrowser -->
        <test-method signature="LoginDP(java.lang.String,java.lang.String)[pri:2, instance:Integrated.SSListenerParallelTSafe@6b695b06]" started-at="2023-03-19T16:33:41 EDT" name="LoginDP" data-provider="Authentication" finished-at="2023-03-19T16:33:44 EDT" duration-ms="3251" status="PASS">
          <params>
            <param index="0">
              <value>
                <![CDATA[Jesus1]]>
              </value>
            </param>
            <param index="1">
              <value>
                <![CDATA[rahulshettyacademy]]>
              </value>
            </param>
          </params>
          <reporter-output>
          </reporter-output>
        </test-method> <!-- LoginDP -->
        <test-method is-config="true" signature="afterTest()[pri:0, instance:Integrated.SSListenerParallelTSafe@6b695b06]" started-at="2023-03-19T16:33:43 EDT" name="afterTest" finished-at="2023-03-19T16:33:45 EDT" duration-ms="2325" status="PASS">
          <reporter-output>
          </reporter-output>
        </test-method> <!-- afterTest -->
        <test-method is-config="true" signature="afterTest()[pri:0, instance:Integrated.SSListenerParallelTSafe@6b695b06]" started-at="2023-03-19T16:33:44 EDT" name="afterTest" finished-at="2023-03-19T16:33:46 EDT" duration-ms="2016" status="PASS">
          <reporter-output>
          </reporter-output>
        </test-method> <!-- afterTest -->
        <test-method is-config="true" signature="beforeTest(java.lang.String)[pri:0, instance:Integrated.SSListenerParallelTSafe@6b695b06]" started-at="2023-03-19T16:33:45 EDT" name="beforeTest" finished-at="2023-03-19T16:33:46 EDT" duration-ms="851" status="PASS">
          <params>
            <param index="0">
              <value>
                <![CDATA[chrome]]>
              </value>
            </param>
          </params>
          <reporter-output>
          </reporter-output>
        </test-method> <!-- beforeTest -->
        <test-method retried="true" signature="OpenBrowserNegative()[pri:2, instance:Integrated.SSListenerParallelTSafe@6b695b06]" started-at="2023-03-19T16:33:46 EDT" name="OpenBrowserNegative" finished-at="2023-03-19T16:33:49 EDT" duration-ms="2685" status="SKIP">
          <exception class="java.lang.AssertionError">
            <message>
              <![CDATA[Titles of the website do not match expected [Rahul Shetty Academy - Login pag] but found [Rahul Shetty Academy - Login page]]]>
            </message>
            <full-stacktrace>
              <![CDATA[java.lang.AssertionError: Titles of the website do not match expected [Rahul Shetty Academy - Login pag] but found [Rahul Shetty Academy - Login page]
at org.testng.Assert.fail(Assert.java:99)
at org.testng.Assert.failNotEquals(Assert.java:1037)
at org.testng.Assert.assertEqualsImpl(Assert.java:140)
at org.testng.Assert.assertEquals(Assert.java:122)
at org.testng.Assert.assertEquals(Assert.java:629)
at Integrated.SSListenerParallelTSafe.OpenBrowserNegative(SSListenerParallelTSafe.java:54)
at java.base/jdk.internal.reflect.DirectMethodHandleAccessor.invoke(DirectMethodHandleAccessor.java:104)
at java.base/java.lang.reflect.Method.invoke(Method.java:578)
at org.testng.internal.MethodInvocationHelper.invokeMethod(MethodInvocationHelper.java:133)
at org.testng.internal.TestInvoker.invokeMethod(TestInvoker.java:598)
at org.testng.internal.TestInvoker.invokeTestMethod(TestInvoker.java:173)
at org.testng.internal.MethodRunner.runInSequence(MethodRunner.java:46)
at org.testng.internal.TestInvoker$MethodInvocationAgent.invoke(TestInvoker.java:824)
at org.testng.internal.TestInvoker.invokeTestMethods(TestInvoker.java:146)
at org.testng.internal.TestMethodWorker.invokeTestMethods(TestMethodWorker.java:146)
at org.testng.internal.TestMethodWorker.run(TestMethodWorker.java:128)
at java.base/java.util.concurrent.ThreadPoolExecutor.runWorker(ThreadPoolExecutor.java:1144)
at java.base/java.util.concurrent.ThreadPoolExecutor$Worker.run(ThreadPoolExecutor.java:642)
at java.base/java.lang.Thread.run(Thread.java:1589)
]]>
            </full-stacktrace>
          </exception> <!-- java.lang.AssertionError -->
          <reporter-output>
          </reporter-output>
        </test-method> <!-- OpenBrowserNegative -->
        <test-method is-config="true" signature="beforeTest(java.lang.String)[pri:0, instance:Integrated.SSListenerParallelTSafe@6b695b06]" started-at="2023-03-19T16:33:46 EDT" name="beforeTest" finished-at="2023-03-19T16:33:47 EDT" duration-ms="897" status="PASS">
          <params>
            <param index="0">
              <value>
                <![CDATA[chrome]]>
              </value>
            </param>
          </params>
          <reporter-output>
          </reporter-output>
        </test-method> <!-- beforeTest -->
        <test-method signature="LoginDP(java.lang.String,java.lang.String)[pri:2, instance:Integrated.SSListenerParallelTSafe@6b695b06]" started-at="2023-03-19T16:33:47 EDT" name="LoginDP" data-provider="Authentication" finished-at="2023-03-19T16:33:50 EDT" duration-ms="2918" status="PASS">
          <params>
            <param index="0">
              <value>
                <![CDATA[Jesus2]]>
              </value>
            </param>
            <param index="1">
              <value>
                <![CDATA[rahulshettyacademy]]>
              </value>
            </param>
          </params>
          <reporter-output>
          </reporter-output>
        </test-method> <!-- LoginDP -->
        <test-method is-config="true" signature="afterTest()[pri:0, instance:Integrated.SSListenerParallelTSafe@6b695b06]" started-at="2023-03-19T16:33:49 EDT" name="afterTest" finished-at="2023-03-19T16:33:51 EDT" duration-ms="2306" status="PASS">
          <reporter-output>
          </reporter-output>
        </test-method> <!-- afterTest -->
        <test-method is-config="true" signature="afterTest()[pri:0, instance:Integrated.SSListenerParallelTSafe@6b695b06]" started-at="2023-03-19T16:33:50 EDT" name="afterTest" finished-at="2023-03-19T16:33:52 EDT" duration-ms="2003" status="PASS">
          <reporter-output>
          </reporter-output>
        </test-method> <!-- afterTest -->
        <test-method is-config="true" signature="beforeTest(java.lang.String)[pri:0, instance:Integrated.SSListenerParallelTSafe@6b695b06]" started-at="2023-03-19T16:33:51 EDT" name="beforeTest" finished-at="2023-03-19T16:33:52 EDT" duration-ms="950" status="PASS">
          <params>
            <param index="0">
              <value>
                <![CDATA[chrome]]>
              </value>
            </param>
          </params>
          <reporter-output>
          </reporter-output>
        </test-method> <!-- beforeTest -->
        <test-method signature="OpenBrowserNegative()[pri:2, instance:Integrated.SSListenerParallelTSafe@6b695b06]" started-at="2023-03-19T16:33:52 EDT" name="OpenBrowserNegative" finished-at="2023-03-19T16:33:59 EDT" duration-ms="6487" status="FAIL">
          <exception class="java.lang.AssertionError">
            <message>
              <![CDATA[Titles of the website do not match expected [Rahul Shetty Academy - Login pag] but found [Rahul Shetty Academy - Login page]]]>
            </message>
            <full-stacktrace>
              <![CDATA[java.lang.AssertionError: Titles of the website do not match expected [Rahul Shetty Academy - Login pag] but found [Rahul Shetty Academy - Login page]
at org.testng.Assert.fail(Assert.java:99)
at org.testng.Assert.failNotEquals(Assert.java:1037)
at org.testng.Assert.assertEqualsImpl(Assert.java:140)
at org.testng.Assert.assertEquals(Assert.java:122)
at org.testng.Assert.assertEquals(Assert.java:629)
at Integrated.SSListenerParallelTSafe.OpenBrowserNegative(SSListenerParallelTSafe.java:54)
at java.base/jdk.internal.reflect.DirectMethodHandleAccessor.invoke(DirectMethodHandleAccessor.java:104)
at java.base/java.lang.reflect.Method.invoke(Method.java:578)
at org.testng.internal.MethodInvocationHelper.invokeMethod(MethodInvocationHelper.java:133)
at org.testng.internal.TestInvoker.invokeMethod(TestInvoker.java:598)
at org.testng.internal.TestInvoker.retryFailed(TestInvoker.java:213)
at org.testng.internal.MethodRunner.runInSequence(MethodRunner.java:58)
at org.testng.internal.TestInvoker$MethodInvocationAgent.invoke(TestInvoker.java:824)
at org.testng.internal.TestInvoker.invokeTestMethods(TestInvoker.java:146)
at org.testng.internal.TestMethodWorker.invokeTestMethods(TestMethodWorker.java:146)
at org.testng.internal.TestMethodWorker.run(TestMethodWorker.java:128)
at java.base/java.util.concurrent.ThreadPoolExecutor.runWorker(ThreadPoolExecutor.java:1144)
at java.base/java.util.concurrent.ThreadPoolExecutor$Worker.run(ThreadPoolExecutor.java:642)
at java.base/java.lang.Thread.run(Thread.java:1589)
]]>
            </full-stacktrace>
          </exception> <!-- java.lang.AssertionError -->
          <reporter-output>
          </reporter-output>
        </test-method> <!-- OpenBrowserNegative -->
        <test-method is-config="true" signature="beforeTest(java.lang.String)[pri:0, instance:Integrated.SSListenerParallelTSafe@6b695b06]" started-at="2023-03-19T16:33:52 EDT" name="beforeTest" finished-at="2023-03-19T16:33:53 EDT" duration-ms="923" status="PASS">
          <params>
            <param index="0">
              <value>
                <![CDATA[chrome]]>
              </value>
            </param>
          </params>
          <reporter-output>
          </reporter-output>
        </test-method> <!-- beforeTest -->
        <test-method signature="LoginDP(java.lang.String,java.lang.String)[pri:2, instance:Integrated.SSListenerParallelTSafe@6b695b06]" started-at="2023-03-19T16:33:53 EDT" name="LoginDP" data-provider="Authentication" finished-at="2023-03-19T16:34:01 EDT" duration-ms="7528" status="PASS">
          <params>
            <param index="0">
              <value>
                <![CDATA[Jesus3]]>
              </value>
            </param>
            <param index="1">
              <value>
                <![CDATA[rahulshettyacademy]]>
              </value>
            </param>
          </params>
          <reporter-output>
          </reporter-output>
        </test-method> <!-- LoginDP -->
        <test-method is-config="true" signature="afterTest()[pri:0, instance:Integrated.SSListenerParallelTSafe@6b695b06]" started-at="2023-03-19T16:34:00 EDT" name="afterTest" finished-at="2023-03-19T16:34:02 EDT" duration-ms="2503" status="PASS">
          <reporter-output>
          </reporter-output>
        </test-method> <!-- afterTest -->
        <test-method is-config="true" signature="afterTest()[pri:0, instance:Integrated.SSListenerParallelTSafe@6b695b06]" started-at="2023-03-19T16:34:01 EDT" name="afterTest" finished-at="2023-03-19T16:34:03 EDT" duration-ms="2005" status="PASS">
          <reporter-output>
          </reporter-output>
        </test-method> <!-- afterTest -->
        <test-method is-config="true" signature="beforeTest(java.lang.String)[pri:0, instance:Integrated.SSListenerParallelTSafe@6b695b06]" started-at="2023-03-19T16:34:02 EDT" name="beforeTest" finished-at="2023-03-19T16:34:03 EDT" duration-ms="961" status="PASS">
          <params>
            <param index="0">
              <value>
                <![CDATA[chrome]]>
              </value>
            </param>
          </params>
          <reporter-output>
          </reporter-output>
        </test-method> <!-- beforeTest -->
        <test-method is-config="true" signature="beforeTest(java.lang.String)[pri:0, instance:Integrated.SSListenerParallelTSafe@6b695b06]" started-at="2023-03-19T16:34:03 EDT" name="beforeTest" finished-at="2023-03-19T16:34:04 EDT" duration-ms="1140" status="PASS">
          <params>
            <param index="0">
              <value>
                <![CDATA[chrome]]>
              </value>
            </param>
          </params>
          <reporter-output>
          </reporter-output>
        </test-method> <!-- beforeTest -->
        <test-method signature="OpenBrowserSecond()[pri:3, instance:Integrated.SSListenerParallelTSafe@6b695b06]" started-at="2023-03-19T16:34:03 EDT" name="OpenBrowserSecond" finished-at="2023-03-19T16:34:05 EDT" duration-ms="2503" status="PASS">
          <reporter-output>
          </reporter-output>
        </test-method> <!-- OpenBrowserSecond -->
        <test-method signature="LoginDP(java.lang.String,java.lang.String)[pri:2, instance:Integrated.SSListenerParallelTSafe@6b695b06]" started-at="2023-03-19T16:34:04 EDT" name="LoginDP" data-provider="Authentication" finished-at="2023-03-19T16:34:07 EDT" duration-ms="2968" status="PASS">
          <params>
            <param index="0">
              <value>
                <![CDATA[Jesus4]]>
              </value>
            </param>
            <param index="1">
              <value>
                <![CDATA[rahulshettyacademy]]>
              </value>
            </param>
          </params>
          <reporter-output>
          </reporter-output>
        </test-method> <!-- LoginDP -->
        <test-method is-config="true" signature="afterTest()[pri:0, instance:Integrated.SSListenerParallelTSafe@6b695b06]" started-at="2023-03-19T16:34:05 EDT" name="afterTest" finished-at="2023-03-19T16:34:08 EDT" duration-ms="2270" status="PASS">
          <reporter-output>
          </reporter-output>
        </test-method> <!-- afterTest -->
        <test-method is-config="true" signature="afterTest()[pri:0, instance:Integrated.SSListenerParallelTSafe@6b695b06]" started-at="2023-03-19T16:34:07 EDT" name="afterTest" finished-at="2023-03-19T16:34:09 EDT" duration-ms="2014" status="PASS">
          <reporter-output>
          </reporter-output>
        </test-method> <!-- afterTest -->
        <test-method is-config="true" signature="beforeTest(java.lang.String)[pri:0, instance:Integrated.SSListenerParallelTSafe@6b695b06]" started-at="2023-03-19T16:34:08 EDT" name="beforeTest" finished-at="2023-03-19T16:34:09 EDT" duration-ms="920" status="PASS">
          <params>
            <param index="0">
              <value>
                <![CDATA[chrome]]>
              </value>
            </param>
          </params>
          <reporter-output>
          </reporter-output>
        </test-method> <!-- beforeTest -->
        <test-method signature="Login()[pri:4, instance:Integrated.SSListenerParallelTSafe@6b695b06]" started-at="2023-03-19T16:34:09 EDT" name="Login" finished-at="2023-03-19T16:34:12 EDT" duration-ms="3051" status="PASS">
          <reporter-output>
          </reporter-output>
        </test-method> <!-- Login -->
        <test-method is-config="true" signature="afterTest()[pri:0, instance:Integrated.SSListenerParallelTSafe@6b695b06]" started-at="2023-03-19T16:34:12 EDT" name="afterTest" finished-at="2023-03-19T16:34:14 EDT" duration-ms="2328" status="PASS">
          <reporter-output>
          </reporter-output>
        </test-method> <!-- afterTest -->
      </class> <!-- Integrated.SSListenerParallelTSafe -->
    </test> <!-- ExecutingListeners -->
  </suite> <!-- Listener with ExtentReports Test -->
</testng-results>
