<?xml version="1.0" encoding="UTF-8"?>
<!-- Generated by org.testng.reporters.JUnitXMLReporter -->
<testsuite ignored="0" hostname="BAH5Q3C9J3" failures="1" tests="1" name="test1" time="0.034" errors="0" timestamp="2023-03-22T18:35:46 EDT">
  <testcase classname="Asserts.TestAssertion" name="testPrintMessage" time="0.008">
    <failure type="java.lang.AssertionError" message="expected [Manisha] but found [Tutorialspoint]">
      <![CDATA[java.lang.AssertionError: expected [Manisha] but found [Tutorialspoint]
at Asserts.TestAssertion.testPrintMessage(TestAssertion.java:12)
at java.base/java.util.ArrayList.forEach(ArrayList.java:1511)
... Removed 31 stack frames]]>
    </failure>
  </testcase> <!-- testPrintMessage -->
</testsuite> <!-- test1 -->
