<?xml version="1.0" encoding="UTF-8"?>
<testng-results ignored="0" total="2" passed="2" failed="0" skipped="0">
  <reporter-output>
  </reporter-output>
  <suite started-at="2023-04-04T15:38:11 EDT" name="Default suite" finished-at="2023-04-04T15:38:24 EDT" duration-ms="12820">
    <groups>
    </groups>
    <test started-at="2023-04-04T15:38:11 EDT" name="Default test" finished-at="2023-04-04T15:38:24 EDT" duration-ms="12820">
      <class name="objRepSample.SampleTests">
        <test-method is-config="true" signature="setUp()[pri:0, instance:objRepSample.SampleTests@6eda5c9]" started-at="2023-04-04T15:38:11 EDT" name="setUp" finished-at="2023-04-04T15:38:22 EDT" duration-ms="10963" status="PASS">
          <reporter-output>
          </reporter-output>
        </test-method> <!-- setUp -->
        <test-method signature="EnterValue()[pri:0, instance:objRepSample.SampleTests@6eda5c9]" started-at="2023-04-04T15:38:22 EDT" name="EnterValue" finished-at="2023-04-04T15:38:22 EDT" duration-ms="87" status="PASS">
          <reporter-output>
          </reporter-output>
        </test-method> <!-- EnterValue -->
        <test-method signature="FindPartialLink()[pri:0, instance:objRepSample.SampleTests@6eda5c9]" started-at="2023-04-04T15:38:22 EDT" name="FindPartialLink" finished-at="2023-04-04T15:38:24 EDT" duration-ms="1371" status="PASS">
          <reporter-output>
          </reporter-output>
        </test-method> <!-- FindPartialLink -->
        <test-method is-config="true" signature="tearDown()[pri:0, instance:objRepSample.SampleTests@6eda5c9]" started-at="2023-04-04T15:38:24 EDT" name="tearDown" finished-at="2023-04-04T15:38:24 EDT" duration-ms="370" status="PASS">
          <reporter-output>
          </reporter-output>
        </test-method> <!-- tearDown -->
      </class> <!-- objRepSample.SampleTests -->
    </test> <!-- Default test -->
  </suite> <!-- Default suite -->
</testng-results>
