<?xml version="1.0" encoding="UTF-8"?>
<!-- Generated by org.testng.reporters.JUnitXMLReporter -->
<testsuite ignored="0" hostname="BAH5Q3C9J3" failures="0" tests="8" name="Parallel Tests" time="0.047" errors="0" timestamp="2023-03-13T17:18:17 EDT">
  <testcase classname="DataProvider.DataProviderParallelBasic" name="testMethod" time="0.009"/>
  <testcase classname="DataProvider.DataProviderParallelBasic" name="testMethod" time="0.009"/>
  <testcase classname="DataProvider.DataProviderParallelBasic" name="testMethod" time="0.009"/>
  <testcase classname="DataProvider.DataProviderParallelBasic" name="testMethod" time="0.009"/>
  <testcase classname="DataProvider.DataProviderParallelBasic" name="testMethod" time="0.009"/>
  <testcase classname="DataProvider.DataProviderParallelBasic" name="testMethod" time="0.009"/>
  <testcase classname="DataProvider.DataProviderParallelBasic" name="testMethod" time="0.009"/>
  <testcase classname="DataProvider.DataProviderParallelBasic" name="testMethod" time="0.009"/>
</testsuite> <!-- Parallel Tests -->
