<?xml version="1.0" encoding="UTF-8"?>
<!-- Generated by org.testng.reporters.JUnitXMLReporter -->
<testsuite ignored="0" hostname="BAH5Q3C9J3" failures="1" tests="3" name="Simple test" time="0.036" errors="0" timestamp="2023-03-22T18:19:06 EDT">
  <testcase classname="TestResults.SampleTest" name="testMethodTwo" time="0.008">
    <failure type="java.lang.AssertionError" message="expected [true] but found [false]">
      <![CDATA[java.lang.AssertionError: expected [true] but found [false]
at TestResults.SampleTest.testMethodTwo(SampleTest.java:14)
at java.base/java.util.ArrayList.forEach(ArrayList.java:1511)
... Removed 29 stack frames]]>
    </failure>
  </testcase> <!-- testMethodTwo -->
  <testcase classname="TestResults.SampleTest" name="testMethodOne" time="0.001"/>
  <testcase classname="TestResults.SampleTest" name="testMethodThree" time="0.0">
    <skipped/>
  </testcase> <!-- testMethodThree -->
</testsuite> <!-- Simple test -->
