<?xml version="1.0" encoding="UTF-8"?>
<!-- Generated by org.testng.reporters.JUnitXMLReporter -->
<testsuite ignored="0" hostname="BAH5Q3C9J3" failures="0" tests="3" name="Test Set1" time="49.953" errors="0" timestamp="2023-04-04T11:50:41 EDT">
  <testcase classname="testCases.Framework_001" name="MainTestCase" time="6.448"/>
  <testcase classname="testCases.Framework_002" name="MainTestCase" time="6.449"/>
  <testcase classname="testCases.Framework_003" name="MainTestCase" time="7.501"/>
</testsuite> <!-- Test Set1 -->
