<?xml version="1.0" encoding="UTF-8"?>
<!-- Generated by org.testng.reporters.JUnitXMLReporter -->
<testsuite ignored="0" hostname="BAH5Q3C9J3" failures="0" tests="2" name="Grid chrome Test" time="7.271" errors="0" timestamp="2023-03-07T17:20:19 EST">
  <testcase classname="webdriver.advance.grid.ParallelTestB" name="testGooglePageTitleInChrome" time="0.939"/>
  <testcase classname="webdriver.advance.grid.ParallelTestB" name="testSearchGoogle" time="2.482"/>
</testsuite> <!-- Grid chrome Test -->
