<?xml version="1.0" encoding="UTF-8"?>
<!-- Generated by org.testng.reporters.JUnitXMLReporter -->
<testsuite ignored="0" hostname="BAH5Q3C9J3" failures="2" tests="2" name="Default test" time="11.577" errors="0" timestamp="2023-04-04T17:30:30 EDT">
  <testcase classname="objRepJson.JsonSampleTests" name="EnterValue" time="0.065">
    <failure type="com.jayway.jsonpath.PathNotFoundException" message="Expected to find an object with property [&amp;apos;FirstName&amp;apos;] in path $ but found &amp;apos;java.lang.String&amp;apos;. This is not a json object according to the JsonProvider: &amp;apos;com.jayway.jsonpath.spi.json.JsonSmartJsonProvider&amp;apos;.">
      <![CDATA[com.jayway.jsonpath.PathNotFoundException: Expected to find an object with property ['FirstName'] in path $ but found 'java.lang.String'. This is not a json object according to the JsonProvider: 'com.jayway.jsonpath.spi.json.JsonSmartJsonProvider'.
]]>
    </failure>
  </testcase> <!-- EnterValue -->
  <testcase classname="objRepJson.JsonSampleTests" name="FindPartialLink" time="0.002">
    <failure type="com.jayway.jsonpath.PathNotFoundException" message="Expected to find an object with property [&amp;apos;PartialLink&amp;apos;] in path $ but found &amp;apos;java.lang.String&amp;apos;. This is not a json object according to the JsonProvider: &amp;apos;com.jayway.jsonpath.spi.json.JsonSmartJsonProvider&amp;apos;.">
      <![CDATA[com.jayway.jsonpath.PathNotFoundException: Expected to find an object with property ['PartialLink'] in path $ but found 'java.lang.String'. This is not a json object according to the JsonProvider: 'com.jayway.jsonpath.spi.json.JsonSmartJsonProvider'.
]]>
    </failure>
  </testcase> <!-- FindPartialLink -->
</testsuite> <!-- Default test -->
