<?xml version="1.0" encoding="UTF-8"?>
<!-- Generated by org.testng.reporters.JUnitXMLReporter -->
<testsuite ignored="0" hostname="BAH5Q3C9J3" failures="1" tests="2" name="ExecutingListeners" time="15.229" errors="0" timestamp="2023-03-16T11:26:45 EDT">
  <testcase classname="Integrated.SSListener" name="OpenBrowser" time="1.838">
    <failure type="java.lang.AssertionError" message="Titles of the website do not match expected [Rahul Shetty Academy - Login pag] but found [Rahul Shetty Academy - Login page]">
      <![CDATA[java.lang.AssertionError: Titles of the website do not match expected [Rahul Shetty Academy - Login pag] but found [Rahul Shetty Academy - Login page]
at Integrated.SSListener.OpenBrowser(SSListener.java:42)
at java.base/java.util.ArrayList.forEach(ArrayList.java:1511)
... Removed 30 stack frames]]>
    </failure>
  </testcase> <!-- OpenBrowser -->
  <testcase classname="Integrated.SSListener" name="Login" time="2.96"/>
</testsuite> <!-- ExecutingListeners -->
