<?xml version="1.0" encoding="UTF-8"?>
<testng-results ignored="0" total="1" passed="1" failed="0" skipped="0">
  <reporter-output>
  </reporter-output>
  <suite started-at="2023-03-29T10:11:38 EDT" name="Default suite" finished-at="2023-03-29T10:11:48 EDT" duration-ms="10516">
    <groups>
    </groups>
    <test started-at="2023-03-29T10:11:38 EDT" name="Default test" finished-at="2023-03-29T10:11:48 EDT" duration-ms="10516">
      <class name="automationFramework.UDF_TC">
        <test-method is-config="true" signature="beforeTest()[pri:0, instance:automationFramework.UDF_TC@3c407114]" started-at="2023-03-29T10:11:38 EDT" name="beforeTest" finished-at="2023-03-29T10:11:46 EDT" duration-ms="7936" status="PASS">
          <reporter-output>
          </reporter-output>
        </test-method> <!-- beforeTest -->
        <test-method signature="ChromeTestMethod()[pri:0, instance:automationFramework.UDF_TC@3c407114]" started-at="2023-03-29T10:11:46 EDT" name="ChromeTestMethod" finished-at="2023-03-29T10:11:47 EDT" duration-ms="1171" status="PASS">
          <reporter-output>
          </reporter-output>
        </test-method> <!-- ChromeTestMethod -->
        <test-method is-config="true" signature="afterTest()[pri:0, instance:automationFramework.UDF_TC@3c407114]" started-at="2023-03-29T10:11:47 EDT" name="afterTest" finished-at="2023-03-29T10:11:48 EDT" duration-ms="1381" status="PASS">
          <reporter-output>
          </reporter-output>
        </test-method> <!-- afterTest -->
      </class> <!-- automationFramework.UDF_TC -->
    </test> <!-- Default test -->
  </suite> <!-- Default suite -->
</testng-results>
