<?xml version="1.0" encoding="UTF-8"?>
<!-- Generated by org.testng.reporters.JUnitXMLReporter -->
<testsuite ignored="0" hostname="BAH5Q3C9J3" failures="0" tests="4" name="Test" time="0.029" errors="0" timestamp="2023-03-22T13:55:55 EDT">
  <testcase classname="FactorySamples.SimpleTest" name="simpleTest" time="0.007"/>
  <testcase classname="FactorySamples.SimpleTest" name="simpleTest" time="0.0"/>
  <testcase classname="FactorySamples.SimpleTest" name="simpleTest" time="0.0"/>
  <testcase classname="FactorySamples.SimpleTest" name="simpleTest" time="0.0"/>
</testsuite> <!-- Test -->
