<?xml version="1.0" encoding="UTF-8"?>
<testng-results ignored="3" total="5" passed="2" failed="0" skipped="0">
  <reporter-output>
  </reporter-output>
  <suite started-at="2023-04-05T16:44:50 EDT" name="Suite" finished-at="2023-04-05T16:45:13 EDT" duration-ms="23233">
    <groups>
      <group name="Purchase">
        <method signature="SubmitOrderTestImproved.submitOrder(java.util.HashMap)[pri:0, instance:army.tests.SubmitOrderTestImproved@5965d37]" name="submitOrder" class="army.tests.SubmitOrderTestImproved"/>
      </group> <!-- Purchase -->
    </groups>
    <test started-at="2023-04-05T16:44:50 EDT" name="Error Validatons Test" finished-at="2023-04-05T16:44:50 EDT" duration-ms="5">
    </test> <!-- Error Validatons Test -->
    <test started-at="2023-04-05T16:44:50 EDT" name="Submit Order Test" finished-at="2023-04-05T16:45:13 EDT" duration-ms="23233">
      <class name="army.tests.SubmitOrderTestImproved">
        <test-method is-config="true" signature="launchApplication()[pri:0, instance:army.tests.SubmitOrderTestImproved@5965d37]" started-at="2023-04-05T16:44:50 EDT" name="launchApplication" finished-at="2023-04-05T16:44:57 EDT" duration-ms="7143" status="PASS">
          <reporter-output>
          </reporter-output>
        </test-method> <!-- launchApplication -->
        <test-method signature="submitOrder(java.util.HashMap)[pri:0, instance:army.tests.SubmitOrderTestImproved@5965d37]" started-at="2023-04-05T16:44:57 EDT" name="submitOrder" data-provider="getData" finished-at="2023-04-05T16:45:02 EDT" duration-ms="5039" status="PASS">
          <params>
            <param index="0">
              <value>
                <![CDATA[{password=Hello1234!, product=ZARA COAT 3, email=chuy@bah.com}]]>
              </value>
            </param>
          </params>
          <reporter-output>
          </reporter-output>
        </test-method> <!-- submitOrder -->
        <test-method is-config="true" signature="tearDown()[pri:0, instance:army.tests.SubmitOrderTestImproved@5965d37]" started-at="2023-04-05T16:45:02 EDT" name="tearDown" finished-at="2023-04-05T16:45:02 EDT" duration-ms="131" status="PASS">
          <reporter-output>
          </reporter-output>
        </test-method> <!-- tearDown -->
        <test-method is-config="true" signature="launchApplication()[pri:0, instance:army.tests.SubmitOrderTestImproved@5965d37]" started-at="2023-04-05T16:45:02 EDT" name="launchApplication" finished-at="2023-04-05T16:45:08 EDT" duration-ms="5560" status="PASS">
          <reporter-output>
          </reporter-output>
        </test-method> <!-- launchApplication -->
        <test-method signature="submitOrder(java.util.HashMap)[pri:0, instance:army.tests.SubmitOrderTestImproved@5965d37]" started-at="2023-04-05T16:45:08 EDT" name="submitOrder" data-provider="getData" finished-at="2023-04-05T16:45:13 EDT" duration-ms="5080" status="PASS">
          <params>
            <param index="0">
              <value>
                <![CDATA[{password=Iamking@000, product=ADIDAS ORIGINAL, email=anshika@gmail.com}]]>
              </value>
            </param>
          </params>
          <reporter-output>
          </reporter-output>
        </test-method> <!-- submitOrder -->
        <test-method is-config="true" signature="tearDown()[pri:0, instance:army.tests.SubmitOrderTestImproved@5965d37]" started-at="2023-04-05T16:45:13 EDT" name="tearDown" finished-at="2023-04-05T16:45:13 EDT" duration-ms="101" status="PASS">
          <reporter-output>
          </reporter-output>
        </test-method> <!-- tearDown -->
      </class> <!-- army.tests.SubmitOrderTestImproved -->
    </test> <!-- Submit Order Test -->
  </suite> <!-- Suite -->
</testng-results>
