<?xml version="1.0" encoding="UTF-8"?>
<!-- Generated by org.testng.reporters.JUnitXMLReporter -->
<testsuite ignored="5" hostname="BAH5Q3C9J3" failures="0" tests="1" name="ExecutingListeners3" time="9.887" errors="0" timestamp="2023-03-20T11:50:25 EDT">
  <testcase classname="Integrated.SSListenerParallelTSafe" name="OpenBrowserShop" time="4.214"/>
  <testcase classname="Integrated.SSListenerParallelTSafe" name="LoginDP" time="0.0">
    <ignored/>
  </testcase> <!-- LoginDP -->
  <testcase classname="Integrated.SSListenerParallelTSafe" name="OpenBrowserSecond" time="0.0">
    <ignored/>
  </testcase> <!-- OpenBrowserSecond -->
  <testcase classname="Integrated.SSListenerParallelTSafe" name="OpenBrowser" time="0.0">
    <ignored/>
  </testcase> <!-- OpenBrowser -->
  <testcase classname="Integrated.SSListenerParallelTSafe" name="OpenBrowserNegative" time="0.0">
    <ignored/>
  </testcase> <!-- OpenBrowserNegative -->
  <testcase classname="Integrated.SSListenerParallelTSafe" name="Login" time="0.0">
    <ignored/>
  </testcase> <!-- Login -->
</testsuite> <!-- ExecutingListeners3 -->
