<?xml version="1.0" encoding="UTF-8"?>
<!-- Generated by org.testng.reporters.JUnitXMLReporter -->
<testsuite ignored="1" hostname="BAH5Q3C9J3" failures="0" tests="1" name="ExecutingListeners2" time="5.503" errors="0" timestamp="2023-03-18T19:24:02 EDT">
  <testcase classname="Integrated.SSListenerParallelTSafe" name="OpenBrowser" time="1.417"/>
  <testcase classname="Integrated.SSListenerParallelTSafe" name="Login" time="0.0">
    <ignored/>
  </testcase> <!-- Login -->
</testsuite> <!-- ExecutingListeners2 -->
