<?xml version="1.0" encoding="UTF-8"?>
<!-- Generated by org.testng.reporters.JUnitXMLReporter -->
<testsuite ignored="1" hostname="BAH5Q3C9J3" failures="0" tests="1" name="ExecutingListeners" time="6.834" errors="0" timestamp="2023-03-18T19:23:57 EDT">
  <testcase classname="Integrated.SSListenerParallelTSafe" name="OpenBrowser" time="1.8"/>
  <testcase classname="Integrated.SSListenerParallelTSafe" name="Login" time="0.0">
    <ignored/>
  </testcase> <!-- Login -->
</testsuite> <!-- ExecutingListeners -->
