<?xml version="1.0" encoding="UTF-8"?>
<!-- Generated by org.testng.reporters.JUnitXMLReporter -->
<testsuite ignored="0" hostname="BAH5Q3C9J3" failures="0" tests="2" name="Error Validatons Test" time="15.795" errors="0" timestamp="2022-10-20T14:35:11 EDT">
  <testcase classname="army.tests.ErrorValidationsTest" name="LoginErrorValidation" time="0.625"/>
  <testcase classname="army.tests.ErrorValidationsTest" name="ProductErrorValidation" time="4.18"/>
</testsuite> <!-- Error Validatons Test -->
