<?xml version="1.0" encoding="UTF-8"?>
<!-- Generated by org.testng.reporters.JUnitXMLReporter -->
<testsuite ignored="0" hostname="BAH5Q3C9J3" failures="0" tests="3" name="Submit Order Test" time="30.864" errors="0" timestamp="2022-10-20T14:34:55 EDT">
  <testcase classname="army.tests.SubmitOrderTestImproved" name="submitOrder" time="5.17"/>
  <testcase classname="army.tests.SubmitOrderTestImproved" name="submitOrder" time="4.998"/>
  <testcase classname="army.tests.SubmitOrderTestImproved" name="OrderHistoryTest" time="0.714"/>
</testsuite> <!-- Submit Order Test -->
