<?xml version="1.0" encoding="UTF-8"?>
<!-- Generated by org.testng.reporters.JUnitXMLReporter -->
<testsuite ignored="1" hostname="BAH5Q3C9J3" failures="0" tests="2" name="Submit Order Test" time="23.4" errors="0" timestamp="2023-04-05T16:53:12 EDT">
  <testcase classname="army.tests.SubmitOrderTestImproved" name="submitOrder" time="5.128"/>
  <testcase classname="army.tests.SubmitOrderTestImproved" name="submitOrder" time="5.024"/>
  <testcase classname="army.tests.SubmitOrderTestImproved" name="OrderHistoryTest" time="0.0">
    <ignored/>
  </testcase> <!-- OrderHistoryTest -->
</testsuite> <!-- Submit Order Test -->
