<?xml version="1.0" encoding="UTF-8"?>
<testng-results ignored="3" total="5" passed="2" failed="0" skipped="0">
  <reporter-output>
  </reporter-output>
  <suite started-at="2023-04-05T16:52:49 EDT" name="Suite" finished-at="2023-04-05T16:53:12 EDT" duration-ms="23400">
    <groups>
      <group name="Purchase">
        <method signature="SubmitOrderTestImproved.submitOrder(java.util.HashMap)[pri:0, instance:army.tests.SubmitOrderTestImproved@312aa7c]" name="submitOrder" class="army.tests.SubmitOrderTestImproved"/>
      </group> <!-- Purchase -->
    </groups>
    <test started-at="2023-04-05T16:52:49 EDT" name="Error Validatons Test" finished-at="2023-04-05T16:52:49 EDT" duration-ms="6">
    </test> <!-- Error Validatons Test -->
    <test started-at="2023-04-05T16:52:49 EDT" name="Submit Order Test" finished-at="2023-04-05T16:53:12 EDT" duration-ms="23400">
      <class name="army.tests.SubmitOrderTestImproved">
        <test-method is-config="true" signature="launchApplication()[pri:0, instance:army.tests.SubmitOrderTestImproved@312aa7c]" started-at="2023-04-05T16:52:49 EDT" name="launchApplication" finished-at="2023-04-05T16:52:56 EDT" duration-ms="7320" status="PASS">
          <reporter-output>
          </reporter-output>
        </test-method> <!-- launchApplication -->
        <test-method signature="submitOrder(java.util.HashMap)[pri:0, instance:army.tests.SubmitOrderTestImproved@312aa7c]" started-at="2023-04-05T16:52:56 EDT" name="submitOrder" data-provider="getData" finished-at="2023-04-05T16:53:01 EDT" duration-ms="5128" status="PASS">
          <params>
            <param index="0">
              <value>
                <![CDATA[{password=Hello1234!, product=ZARA COAT 3, email=chuy@bah.com}]]>
              </value>
            </param>
          </params>
          <reporter-output>
          </reporter-output>
        </test-method> <!-- submitOrder -->
        <test-method is-config="true" signature="tearDown()[pri:0, instance:army.tests.SubmitOrderTestImproved@312aa7c]" started-at="2023-04-05T16:53:01 EDT" name="tearDown" finished-at="2023-04-05T16:53:02 EDT" duration-ms="142" status="PASS">
          <reporter-output>
          </reporter-output>
        </test-method> <!-- tearDown -->
        <test-method is-config="true" signature="launchApplication()[pri:0, instance:army.tests.SubmitOrderTestImproved@312aa7c]" started-at="2023-04-05T16:53:02 EDT" name="launchApplication" finished-at="2023-04-05T16:53:07 EDT" duration-ms="5466" status="PASS">
          <reporter-output>
          </reporter-output>
        </test-method> <!-- launchApplication -->
        <test-method signature="submitOrder(java.util.HashMap)[pri:0, instance:army.tests.SubmitOrderTestImproved@312aa7c]" started-at="2023-04-05T16:53:07 EDT" name="submitOrder" data-provider="getData" finished-at="2023-04-05T16:53:12 EDT" duration-ms="5024" status="PASS">
          <params>
            <param index="0">
              <value>
                <![CDATA[{password=Iamking@000, product=ADIDAS ORIGINAL, email=anshika@gmail.com}]]>
              </value>
            </param>
          </params>
          <reporter-output>
          </reporter-output>
        </test-method> <!-- submitOrder -->
        <test-method is-config="true" signature="tearDown()[pri:0, instance:army.tests.SubmitOrderTestImproved@312aa7c]" started-at="2023-04-05T16:53:12 EDT" name="tearDown" finished-at="2023-04-05T16:53:12 EDT" duration-ms="135" status="PASS">
          <reporter-output>
          </reporter-output>
        </test-method> <!-- tearDown -->
      </class> <!-- army.tests.SubmitOrderTestImproved -->
    </test> <!-- Submit Order Test -->
  </suite> <!-- Suite -->
</testng-results>
