<?xml version="1.0" encoding="UTF-8"?>
<!-- Generated by org.testng.reporters.JUnitXMLReporter -->
<testsuite ignored="0" hostname="BAH5Q3C9J3" failures="0" tests="4" name="Surefire test" time="37.986" errors="0" timestamp="2022-10-20T14:31:24 EDT">
  <testcase classname="army.tests.ErrorValidationsTest" name="LoginErrorValidation" time="1.083"/>
  <testcase classname="army.tests.ErrorValidationsTest" name="ProductErrorValidation" time="4.471"/>
  <testcase classname="io.cucumber.testng.AbstractTestNGCucumberTests" name="runScenario" time="6.415"/>
  <testcase classname="io.cucumber.testng.AbstractTestNGCucumberTests" name="runScenario" time="11.198"/>
</testsuite> <!-- Surefire test -->
